<?xml version="1.0" encoding="UTF-8"?>
<!-- Generated by org.testng.reporters.JUnitXMLReporter -->
<testsuite hostname="NWCFOOD-GP" ignored="0" name="Test" tests="5" failures="0" timestamp="13 Dec 2018 21:26:35 GMT" time="45.353" errors="0">
  <testcase name="blankEmailTest" time="1.168" classname="com.prestashop.tests.PrestaShopNegativeTest"/>
  <testcase name="blankPasswordTest" time="1.155" classname="com.prestashop.tests.PrestaShopNegativeTest"/>
  <testcase name="invalidEmailTest" time="1.029" classname="com.prestashop.tests.PrestaShopNegativeTest"/>
  <testcase name="wrongCredentials" time="1.103" classname="com.prestashop.tests.PrestaShopNegativeTest"/>
  <testcase name="wrongCredentials" time="8.069" classname="com.prestashop.tests.PrestaShopPositiveTests"/>
</testsuite> <!-- Test -->
